2025-03-12 11:50:30 - HV000001: Hibernate Validator 8.0.1.Final
2025-03-12 11:50:30 - Starting ProductCatalogueServiceApplication using Java 21.0.3 with PID 20444 (C:\Users\AD20555804\Desktop\Clone IRP\online-retail-store\Product-Catalogue-Service\target\classes started by AD20555804 in C:\Users\AD20555804\Desktop\Clone IRP\online-retail-store\Product-Catalogue-Service)
2025-03-12 11:50:30 - No active profile set, falling back to 1 default profile: "default"
2025-03-12 11:50:30 - Devtools property defaults active! Set 'spring.devtools.add-properties' to 'false' to disable
2025-03-12 11:50:30 - For additional web related logging consider setting the 'logging.level.web' property to 'DEBUG'
2025-03-12 11:50:31 - Bootstrapping Spring Data JPA repositories in DEFAULT mode.
2025-03-12 11:50:31 - Finished Spring Data repository scanning in 149 ms. Found 1 JPA repository interface.
2025-03-12 11:50:31 - BeanFactory id=a8f6f847-6363-36e2-8448-0d0072e13ba2
2025-03-12 11:50:32 - Tomcat initialized with port 9092 (http)
2025-03-12 11:50:32 - Initializing ProtocolHandler ["http-nio-9092"]
2025-03-12 11:50:32 - Starting service [Tomcat]
2025-03-12 11:50:32 - Starting Servlet engine: [Apache Tomcat/10.1.33]
2025-03-12 11:50:32 - Initializing Spring embedded WebApplicationContext
2025-03-12 11:50:32 - Root WebApplicationContext: initialization completed in 2019 ms
2025-03-12 11:50:32 - HHH000204: Processing PersistenceUnitInfo [name: default]
2025-03-12 11:50:32 - HHH000412: Hibernate ORM core version 6.6.2.Final
2025-03-12 11:50:32 - HHH000026: Second-level cache disabled
2025-03-12 11:50:32 - No LoadTimeWeaver setup: ignoring JPA class transformer
2025-03-12 11:50:32 - HikariPool-1 - Starting...
2025-03-12 11:50:33 - HikariPool-1 - Added connection com.mysql.cj.jdbc.ConnectionImpl@4321e5fd
2025-03-12 11:50:33 - HikariPool-1 - Start completed.
2025-03-12 11:50:33 - HHH90000025: MySQL8Dialect does not need to be specified explicitly using 'hibernate.dialect' (remove the property setting and it will be selected by default)
2025-03-12 11:50:33 - HHH90000026: MySQL8Dialect has been deprecated; use org.hibernate.dialect.MySQLDialect instead
2025-03-12 11:50:33 - HHH10001005: Database info:
	Database JDBC URL [Connecting through datasource 'HikariDataSource (HikariPool-1)']
	Database driver: undefined/unknown
	Database version: 8.0
	Autocommit mode: undefined/unknown
	Isolation level: undefined/unknown
	Minimum pool size: undefined/unknown
	Maximum pool size: undefined/unknown
2025-03-12 11:50:34 - HHH000489: No JTA platform available (set 'hibernate.transaction.jta.platform' to enable JTA platform integration)
2025-03-12 11:50:34 - Initialized JPA EntityManagerFactory for persistence unit 'default'
2025-03-12 11:50:34 - spring.jpa.open-in-view is enabled by default. Therefore, database queries may be performed during view rendering. Explicitly configure spring.jpa.open-in-view to disable this warning
2025-03-12 11:50:35 - Unable to start LiveReload server
2025-03-12 11:50:35 - Eureka HTTP Client uses RestClient.
2025-03-12 11:50:35 - Spring Cloud LoadBalancer is currently working with the default cache. While this cache implementation is useful for development and tests, it's recommended to use Caffeine cache in production.You can switch to using Caffeine cache, by adding it and org.springframework.cache.caffeine.CaffeineCacheManager to the classpath.
2025-03-12 11:50:35 - Setting initial instance status as: STARTING
2025-03-12 11:50:35 - Initializing Eureka in region us-east-1
2025-03-12 11:50:35 - Resolving eureka endpoints via configuration
2025-03-12 11:50:35 - Disable delta property : false
2025-03-12 11:50:35 - Single vip registry refresh property : null
2025-03-12 11:50:35 - Force full registry fetch : false
2025-03-12 11:50:35 - Application is null : false
2025-03-12 11:50:35 - Registered Applications size is zero : true
2025-03-12 11:50:35 - Application version is -1: true
2025-03-12 11:50:35 - Getting all instance registry info from the eureka server
2025-03-12 11:50:36 - The response status is 200
2025-03-12 11:50:36 - Starting heartbeat executor: renew interval is: 30
2025-03-12 11:50:36 - InstanceInfoReplicator onDemand update allowed rate per min is 4
2025-03-12 11:50:36 - Discovery Client initialized at timestamp 1741760436091 with initial instances count: 2
2025-03-12 11:50:36 - Registering application PRODUCT-CATALOGUE-SERVICE with eureka with status UP
2025-03-12 11:50:36 - Saw local status change event StatusChangeEvent [timestamp=1741760436099, current=UP, previous=STARTING]
2025-03-12 11:50:36 - Starting ProtocolHandler ["http-nio-9092"]
2025-03-12 11:50:36 - DiscoveryClient_PRODUCT-CATALOGUE-SERVICE/APL-4BMHQ04.wipro.com:Product-Catalogue-Service:9092: registering service...
2025-03-12 11:50:36 - Tomcat started on port 9092 (http) with context path '/'
2025-03-12 11:50:36 - Updating port to 9092
2025-03-12 11:50:36 - Started ProductCatalogueServiceApplication in 6.511 seconds (process running for 7.998)
2025-03-12 11:50:36 - DiscoveryClient_PRODUCT-CATALOGUE-SERVICE/APL-4BMHQ04.wipro.com:Product-Catalogue-Service:9092 - registration status: 204
2025-03-12 11:55:35 - Resolving eureka endpoints via configuration
2025-03-12 12:00:35 - Resolving eureka endpoints via configuration
2025-03-12 12:05:35 - Resolving eureka endpoints via configuration
2025-03-12 12:10:35 - Resolving eureka endpoints via configuration
2025-03-12 12:15:35 - Resolving eureka endpoints via configuration
2025-03-12 12:20:35 - Resolving eureka endpoints via configuration
2025-03-12 12:25:35 - Resolving eureka endpoints via configuration
2025-03-12 12:30:35 - Resolving eureka endpoints via configuration
2025-03-12 12:35:35 - Resolving eureka endpoints via configuration
2025-03-12 12:40:35 - Resolving eureka endpoints via configuration
